Copyright 1986-2018 Xilinx, Inc. All Rights Reserved.
------------------------------------------------------------------------------------
| Tool Version : Vivado v.2018.3 (lin64) Build 2405991 Thu Dec  6 23:36:41 MST 2018
| Date         : Mon Sep 30 01:04:52 2019
| Host         : flamingo running 64-bit CentOS release 6.10 (Final)
| Command      : upgrade_ip
| Device       : xc7z020clg400-1
------------------------------------------------------------------------------------

Upgrade Log for IP 'myip_0'

1. Summary
----------

SUCCESS in the conversion of myip_0 (pcalab:user:myip:1.0 (Rev. 64)) to Vivado generation flows.






Copyright 1986-2018 Xilinx, Inc. All Rights Reserved.
------------------------------------------------------------------------------------
| Tool Version : Vivado v.2018.3 (lin64) Build 2405991 Thu Dec  6 23:36:41 MST 2018
| Date         : Mon Sep 30 01:04:51 2019
| Host         : flamingo running 64-bit CentOS release 6.10 (Final)
| Command      : upgrade_ip
| Device       : xc7z020clg400-1
------------------------------------------------------------------------------------

Upgrade Log for IP 'design_1_myip_0_0'

1. Summary
----------

SUCCESS in the conversion of design_1_myip_0_0 (pcalab:user:myip:1.0 (Rev. 64)) to Vivado generation flows.






Copyright 1986-2018 Xilinx, Inc. All Rights Reserved.
------------------------------------------------------------------------------------
| Tool Version : Vivado v.2018.3 (lin64) Build 2405991 Thu Dec  6 23:36:41 MST 2018
| Date         : Mon Sep 30 01:04:08 2019
| Host         : flamingo running 64-bit CentOS release 6.10 (Final)
| Command      : upgrade_ip
| Device       : xc7z020clg400-1
------------------------------------------------------------------------------------

Upgrade Log for IP 'myip_0'

1. Summary
----------

SUCCESS in the upgrade of myip_0 (pcalab:user:myip:1.0) from (Rev. 63) to (Rev. 64)






Copyright 1986-2018 Xilinx, Inc. All Rights Reserved.
------------------------------------------------------------------------------------
| Tool Version : Vivado v.2018.3 (lin64) Build 2405991 Thu Dec  6 23:36:41 MST 2018
| Date         : Mon Sep 30 01:04:07 2019
| Host         : flamingo running 64-bit CentOS release 6.10 (Final)
| Command      : upgrade_ip
| Device       : xc7z020clg400-1
------------------------------------------------------------------------------------

Upgrade Log for IP 'design_1_myip_0_0'

1. Summary
----------

SUCCESS in the upgrade of design_1_myip_0_0 (pcalab:user:myip:1.0) from (Rev. 63) to (Rev. 64)

