Copyright 1986-2018 Xilinx, Inc. All Rights Reserved.
------------------------------------------------------------------------------------
| Tool Version : Vivado v.2018.3 (lin64) Build 2405991 Thu Dec  6 23:36:41 MST 2018
| Date         : Mon Sep 30 01:55:54 2019
| Host         : flamingo running 64-bit CentOS release 6.10 (Final)
| Command      : report_control_sets -verbose -file top_control_sets_placed.rpt
| Design       : top
| Device       : xc7z020
------------------------------------------------------------------------------------

Control Set Information

Table of Contents
-----------------
1. Summary
2. Histogram
3. Flip-Flop Distribution
4. Detailed Control Set Information

1. Summary
----------

+----------------------------------------------------------+-------+
|                          Status                          | Count |
+----------------------------------------------------------+-------+
| Number of unique control sets                            |    58 |
| Unused register locations in slices containing registers |   163 |
+----------------------------------------------------------+-------+


2. Histogram
------------

+--------+--------------+
| Fanout | Control Sets |
+--------+--------------+
|      1 |            4 |
|      2 |            1 |
|      4 |           11 |
|      5 |            4 |
|      6 |            1 |
|      8 |           14 |
|     10 |            2 |
|     12 |            1 |
|     13 |            4 |
|     14 |            2 |
|    16+ |           14 |
+--------+--------------+


3. Flip-Flop Distribution
-------------------------

+--------------+-----------------------+------------------------+-----------------+--------------+
| Clock Enable | Synchronous Set/Reset | Asynchronous Set/Reset | Total Registers | Total Slices |
+--------------+-----------------------+------------------------+-----------------+--------------+
| No           | No                    | No                     |             221 |           71 |
| No           | No                    | Yes                    |               0 |            0 |
| No           | Yes                   | No                     |              73 |           33 |
| Yes          | No                    | No                     |             272 |           52 |
| Yes          | No                    | Yes                    |               0 |            0 |
| Yes          | Yes                   | No                     |             175 |           47 |
+--------------+-----------------------+------------------------+-----------------+--------------+


4. Detailed Control Set Information
-----------------------------------

+----------------------------------------------------------------------------------+-------------------------------------------------------------------------------------------------------------------------------------------------------------------+----------------------------------------------------------------------------------------------------------------------------------------------------------+------------------+----------------+
|                                   Clock Signal                                   |                                                                           Enable Signal                                                                           |                                                                     Set/Reset Signal                                                                     | Slice Load Count | Bel Load Count |
+----------------------------------------------------------------------------------+-------------------------------------------------------------------------------------------------------------------------------------------------------------------+----------------------------------------------------------------------------------------------------------------------------------------------------------+------------------+----------------+
|  design_1_inst/myip_0/inst/myip_v1_0_S00_AXI_inst/sccb_req_reg_reg_i_1_n_0       |                                                                                                                                                                   |                                                                                                                                                          |                1 |              1 |
|  design_1_inst/myip_0/inst/myip_v1_0_S00_AXI_inst/sccb_wr_reg_reg_i_1_n_0        |                                                                                                                                                                   |                                                                                                                                                          |                1 |              1 |
|  clk_wiz_inst0/inst/clk_out1                                                     | CAM_PWUP_reg                                                                                                                                                      | sccb_if_inst/SR[0]                                                                                                                                       |                1 |              1 |
|  design_1_inst/processing_system7_0/inst/FCLK_CLK0                               | design_1_inst/ps7_0_axi_periph/s00_couplers/auto_pc/inst/gen_axilite.gen_b2s_conv.axilite_b2s/WR.aw_channel_0/aw_cmd_fsm_0/m_axi_awready_1                        | design_1_inst/ps7_0_axi_periph/s00_couplers/auto_pc/inst/gen_axilite.gen_b2s_conv.axilite_b2s/WR.aw_channel_0/aw_cmd_fsm_0/m_axi_awready_0               |                1 |              1 |
|  design_1_inst/processing_system7_0/inst/FCLK_CLK0                               | design_1_inst/ps7_0_axi_periph/s00_couplers/auto_pc/inst/gen_axilite.gen_b2s_conv.axilite_b2s/WR.b_channel_0/bid_fifo_0/sel                                       |                                                                                                                                                          |                1 |              2 |
|  design_1_inst/processing_system7_0/inst/FCLK_CLK0                               | design_1_inst/ps7_0_axi_periph/s00_couplers/auto_pc/inst/gen_axilite.gen_b2s_conv.axilite_b2s/WR.aw_channel_0/aw_cmd_fsm_0/E[0]                                   |                                                                                                                                                          |                2 |              4 |
|  clk_IBUF_BUFG                                                                   | sccb_if_inst/sda_cnt[5]_i_1_n_0                                                                                                                                   | sccb_if_inst/SR[0]                                                                                                                                       |                3 |              4 |
|  clk_IBUF_BUFG                                                                   | sccb_if_inst/scl_cnt[5]_i_1_n_0                                                                                                                                   | sccb_if_inst/SR[0]                                                                                                                                       |                1 |              4 |
|  clk_IBUF_BUFG                                                                   |                                                                                                                                                                   | design_1_inst/myip_0/inst/myip_v1_0_S00_AXI_inst/sccb_wr                                                                                                 |                3 |              4 |
|  design_1_inst/myip_0/inst/myip_v1_0_S00_AXI_inst/led_out_reg_reg[3]_i_1_n_0     |                                                                                                                                                                   |                                                                                                                                                          |                2 |              4 |
|  design_1_inst/processing_system7_0/inst/FCLK_CLK0                               |                                                                                                                                                                   | design_1_inst/ps7_0_axi_periph/s00_couplers/auto_pc/inst/gen_axilite.gen_b2s_conv.axilite_b2s/SI_REG/aw.aw_pipe/aresetn_d_reg[0]_0                       |                2 |              4 |
|  design_1_inst/processing_system7_0/inst/FCLK_CLK0                               |                                                                                                                                                                   | design_1_inst/rst_ps7_0_50M/U0/EXT_LPF/lpf_int                                                                                                           |                3 |              4 |
|  design_1_inst/processing_system7_0/inst/FCLK_CLK0                               | design_1_inst/ps7_0_axi_periph/s00_couplers/auto_pc/inst/gen_axilite.gen_b2s_conv.axilite_b2s/RD.ar_channel_0/ar_cmd_fsm_0/sel_first_reg[0]                       |                                                                                                                                                          |                2 |              4 |
|  design_1_inst/processing_system7_0/inst/FCLK_CLK0                               |                                                                                                                                                                   | design_1_inst/ps7_0_axi_periph/s00_couplers/auto_pc/inst/gen_axilite.gen_b2s_conv.axilite_b2s/SI_REG/ar.ar_pipe/aresetn_d_reg[1]_inv_0                   |                2 |              4 |
|  design_1_inst/processing_system7_0/inst/FCLK_CLK0                               | design_1_inst/ps7_0_axi_periph/s00_couplers/auto_pc/inst/gen_axilite.gen_b2s_conv.axilite_b2s/RD.ar_channel_0/ar_cmd_fsm_0/E[0]                                   |                                                                                                                                                          |                2 |              4 |
|  design_1_inst/processing_system7_0/inst/FCLK_CLK0                               | design_1_inst/ps7_0_axi_periph/s00_couplers/auto_pc/inst/gen_axilite.gen_b2s_conv.axilite_b2s/WR.aw_channel_0/cmd_translator_0/incr_cmd_0/axaddr_incr[11]_i_1_n_0 |                                                                                                                                                          |                2 |              4 |
|  design_1_inst/processing_system7_0/inst/FCLK_CLK0                               | design_1_inst/ps7_0_axi_periph/s00_couplers/auto_pc/inst/gen_axilite.gen_b2s_conv.axilite_b2s/RD.r_channel_0/rd_data_fifo_0/E[0]                                  | design_1_inst/ps7_0_axi_periph/s00_couplers/auto_pc/inst/gen_axilite.gen_b2s_conv.axilite_b2s/areset_d1                                                  |                2 |              5 |
|  design_1_inst/processing_system7_0/inst/FCLK_CLK0                               | design_1_inst/ps7_0_axi_periph/s00_couplers/auto_pc/inst/gen_axilite.gen_b2s_conv.axilite_b2s/RD.ar_channel_0/ar_cmd_fsm_0/m_valid_i_reg                          | design_1_inst/ps7_0_axi_periph/s00_couplers/auto_pc/inst/gen_axilite.gen_b2s_conv.axilite_b2s/RD.ar_channel_0/ar_cmd_fsm_0/FSM_sequential_state_reg[0]_0 |                3 |              5 |
|  clk_IBUF_BUFG                                                                   |                                                                                                                                                                   | sccb_if_inst/p_0_in0                                                                                                                                     |                1 |              5 |
|  design_1_inst/processing_system7_0/inst/FCLK_CLK0                               | design_1_inst/ps7_0_axi_periph/s00_couplers/auto_pc/inst/gen_axilite.gen_b2s_conv.axilite_b2s/RD.r_channel_0/rd_data_fifo_0/cnt_read[4]_i_1_n_0                   | design_1_inst/ps7_0_axi_periph/s00_couplers/auto_pc/inst/gen_axilite.gen_b2s_conv.axilite_b2s/areset_d1                                                  |                2 |              5 |
|  design_1_inst/processing_system7_0/inst/FCLK_CLK0                               | design_1_inst/rst_ps7_0_50M/U0/SEQ/seq_cnt_en                                                                                                                     | design_1_inst/rst_ps7_0_50M/U0/SEQ/SEQ_COUNTER/clear                                                                                                     |                1 |              6 |
|  design_1_inst/processing_system7_0/inst/FCLK_CLK0                               | design_1_inst/myip_0/inst/myip_v1_0_S00_AXI_inst/slv_reg1[7]_i_1_n_0                                                                                              | design_1_inst/myip_0/inst/myip_v1_0_S00_AXI_inst/axi_awready_i_1_n_0                                                                                     |                1 |              8 |
|  design_1_inst/processing_system7_0/inst/FCLK_CLK0                               | design_1_inst/myip_0/inst/myip_v1_0_S00_AXI_inst/slv_reg1[31]_i_1_n_0                                                                                             | design_1_inst/myip_0/inst/myip_v1_0_S00_AXI_inst/axi_awready_i_1_n_0                                                                                     |                1 |              8 |
|  design_1_inst/processing_system7_0/inst/FCLK_CLK0                               | design_1_inst/myip_0/inst/myip_v1_0_S00_AXI_inst/p_1_in[31]                                                                                                       | design_1_inst/myip_0/inst/myip_v1_0_S00_AXI_inst/axi_awready_i_1_n_0                                                                                     |                1 |              8 |
|  design_1_inst/processing_system7_0/inst/FCLK_CLK0                               | design_1_inst/ps7_0_axi_periph/s00_couplers/auto_pc/inst/gen_axilite.gen_b2s_conv.axilite_b2s/WR.b_channel_0/mhandshake_r                                         | design_1_inst/ps7_0_axi_periph/s00_couplers/auto_pc/inst/gen_axilite.gen_b2s_conv.axilite_b2s/WR.b_channel_0/bid_fifo_0/SR[0]                            |                3 |              8 |
|  design_1_inst/processing_system7_0/inst/FCLK_CLK0                               | design_1_inst/myip_0/inst/myip_v1_0_S00_AXI_inst/slv_reg1[23]_i_1_n_0                                                                                             | design_1_inst/myip_0/inst/myip_v1_0_S00_AXI_inst/axi_awready_i_1_n_0                                                                                     |                1 |              8 |
|  clk_IBUF_BUFG                                                                   | sccb_if_inst/rdata_reg[7]_i_1_n_0                                                                                                                                 | sccb_if_inst/SR[0]                                                                                                                                       |                2 |              8 |
|  design_1_inst/processing_system7_0/inst/FCLK_CLK0                               | design_1_inst/myip_0/inst/myip_v1_0_S00_AXI_inst/slv_reg0[7]_i_1_n_0                                                                                              | design_1_inst/myip_0/inst/myip_v1_0_S00_AXI_inst/axi_awready_i_1_n_0                                                                                     |                2 |              8 |
|  design_1_inst/processing_system7_0/inst/FCLK_CLK0                               | design_1_inst/myip_0/inst/myip_v1_0_S00_AXI_inst/slv_reg1[15]_i_1_n_0                                                                                             | design_1_inst/myip_0/inst/myip_v1_0_S00_AXI_inst/axi_awready_i_1_n_0                                                                                     |                1 |              8 |
|  design_1_inst/processing_system7_0/inst/FCLK_CLK0                               | design_1_inst/myip_0/inst/myip_v1_0_S00_AXI_inst/slv_reg0[31]_i_1_n_0                                                                                             | design_1_inst/myip_0/inst/myip_v1_0_S00_AXI_inst/axi_awready_i_1_n_0                                                                                     |                1 |              8 |
|  design_1_inst/processing_system7_0/inst/FCLK_CLK0                               | design_1_inst/myip_0/inst/myip_v1_0_S00_AXI_inst/slv_reg0[23]_i_1_n_0                                                                                             | design_1_inst/myip_0/inst/myip_v1_0_S00_AXI_inst/axi_awready_i_1_n_0                                                                                     |                1 |              8 |
|  design_1_inst/processing_system7_0/inst/FCLK_CLK0                               | design_1_inst/myip_0/inst/myip_v1_0_S00_AXI_inst/p_1_in[23]                                                                                                       | design_1_inst/myip_0/inst/myip_v1_0_S00_AXI_inst/axi_awready_i_1_n_0                                                                                     |                1 |              8 |
|  design_1_inst/processing_system7_0/inst/FCLK_CLK0                               | design_1_inst/myip_0/inst/myip_v1_0_S00_AXI_inst/slv_reg0[15]_i_1_n_0                                                                                             | design_1_inst/myip_0/inst/myip_v1_0_S00_AXI_inst/axi_awready_i_1_n_0                                                                                     |                1 |              8 |
|  design_1_inst/processing_system7_0/inst/FCLK_CLK0                               | design_1_inst/myip_0/inst/myip_v1_0_S00_AXI_inst/p_1_in[15]                                                                                                       | design_1_inst/myip_0/inst/myip_v1_0_S00_AXI_inst/axi_awready_i_1_n_0                                                                                     |                1 |              8 |
|  design_1_inst/processing_system7_0/inst/FCLK_CLK0                               | design_1_inst/myip_0/inst/myip_v1_0_S00_AXI_inst/p_1_in[7]                                                                                                        | design_1_inst/myip_0/inst/myip_v1_0_S00_AXI_inst/axi_awready_i_1_n_0                                                                                     |                2 |              8 |
|  design_1_inst/processing_system7_0/inst/FCLK_CLK0                               |                                                                                                                                                                   | design_1_inst/ps7_0_axi_periph/s00_couplers/auto_pc/inst/gen_axilite.gen_b2s_conv.axilite_b2s/areset_d1                                                  |                4 |             10 |
|  design_1_inst/processing_system7_0/inst/FCLK_CLK0                               |                                                                                                                                                                   | design_1_inst/myip_0/inst/myip_v1_0_S00_AXI_inst/axi_awready_i_1_n_0                                                                                     |                4 |             10 |
|  clk_IBUF_BUFG                                                                   |                                                                                                                                                                   | sccb_if_inst/SR[0]                                                                                                                                       |                6 |             12 |
|  design_1_inst/myip_0/inst/myip_v1_0_S00_AXI_inst/pwmv2_reg_reg[12]_i_1_n_0      |                                                                                                                                                                   |                                                                                                                                                          |                4 |             13 |
|  design_1_inst/myip_0/inst/myip_v1_0_S00_AXI_inst/pwmv1_reg_reg[12]_i_1_n_0      |                                                                                                                                                                   |                                                                                                                                                          |                4 |             13 |
|  design_1_inst/processing_system7_0/inst/FCLK_CLK0                               | design_1_inst/ps7_0_axi_periph/s00_couplers/auto_pc/inst/gen_axilite.gen_b2s_conv.axilite_b2s/RD.r_channel_0/r_push_r                                             |                                                                                                                                                          |                4 |             13 |
|  design_1_inst/processing_system7_0/inst/FCLK_CLK0                               | design_1_inst/ps7_0_axi_periph/s00_couplers/auto_pc/inst/gen_axilite.gen_b2s_conv.axilite_b2s/RD.ar_channel_0/ar_cmd_fsm_0/m_valid_i_reg                          |                                                                                                                                                          |                4 |             13 |
|  design_1_inst/processing_system7_0/inst/FCLK_CLK0                               | design_1_inst/ps7_0_axi_periph/s00_couplers/auto_pc/inst/gen_axilite.gen_b2s_conv.axilite_b2s/SI_REG/b.b_pipe/s_ready_i_reg_0                                     |                                                                                                                                                          |                2 |             14 |
|  design_1_inst/processing_system7_0/inst/FCLK_CLK0                               | design_1_inst/ps7_0_axi_periph/s00_couplers/auto_pc/inst/gen_axilite.gen_b2s_conv.axilite_b2s/SI_REG/b.b_pipe/p_1_in                                              |                                                                                                                                                          |                2 |             14 |
|  design_1_inst/processing_system7_0/inst/FCLK_CLK0                               | design_1_inst/ps7_0_axi_periph/s00_couplers/auto_pc/inst/gen_axilite.gen_b2s_conv.axilite_b2s/WR.aw_channel_0/aw_cmd_fsm_0/b_push                                 |                                                                                                                                                          |                3 |             16 |
|  design_1_inst/processing_system7_0/inst/FCLK_CLK0                               | design_1_inst/ps7_0_axi_periph/s00_couplers/auto_pc/inst/gen_axilite.gen_b2s_conv.axilite_b2s/WR.aw_channel_0/aw_cmd_fsm_0/m_axi_awready_1                        |                                                                                                                                                          |                6 |             17 |
|  clk_wiz_inst0/inst/clk_out1                                                     |                                                                                                                                                                   | sccb_if_inst/SR[0]                                                                                                                                       |                8 |             20 |
|  design_1_inst/processing_system7_0/inst/FCLK_CLK0                               | design_1_inst/ps7_0_axi_periph/s00_couplers/auto_pc/inst/gen_axilite.gen_b2s_conv.axilite_b2s/SI_REG/ar.ar_pipe/s_ready_i_reg_0                                   |                                                                                                                                                          |                4 |             27 |
|  design_1_inst/processing_system7_0/inst/FCLK_CLK0                               | design_1_inst/ps7_0_axi_periph/s00_couplers/auto_pc/inst/gen_axilite.gen_b2s_conv.axilite_b2s/RD.ar_channel_0/ar_cmd_fsm_0/FSM_sequential_state_reg[1]_0[0]       |                                                                                                                                                          |                5 |             27 |
|  design_1_inst/processing_system7_0/inst/FCLK_CLK0                               | design_1_inst/ps7_0_axi_periph/s00_couplers/auto_pc/inst/gen_axilite.gen_b2s_conv.axilite_b2s/WR.aw_channel_0/aw_cmd_fsm_0/m_valid_i_reg[0]                       |                                                                                                                                                          |                4 |             27 |
|  design_1_inst/processing_system7_0/inst/FCLK_CLK0                               | design_1_inst/ps7_0_axi_periph/s00_couplers/auto_pc/inst/gen_axilite.gen_b2s_conv.axilite_b2s/SI_REG/aw.aw_pipe/s_ready_i_reg_0                                   |                                                                                                                                                          |                4 |             27 |
|  design_1_inst/processing_system7_0/inst/FCLK_CLK0                               | design_1_inst/myip_0/inst/myip_v1_0_S00_AXI_inst/slv_reg_rden__0                                                                                                  | design_1_inst/myip_0/inst/myip_v1_0_S00_AXI_inst/axi_awready_i_1_n_0                                                                                     |               14 |             32 |
|  design_1_inst/processing_system7_0/inst/FCLK_CLK0                               | design_1_inst/ps7_0_axi_periph/s00_couplers/auto_pc/inst/gen_axilite.gen_b2s_conv.axilite_b2s/RD.r_channel_0/rd_data_fifo_0/wr_en0                                |                                                                                                                                                          |                9 |             32 |
|  design_1_inst/myip_0/inst/myip_v1_0_S00_AXI_inst/sccb_wdata_reg_reg[31]_i_1_n_0 |                                                                                                                                                                   |                                                                                                                                                          |               12 |             32 |
|  clk_IBUF_BUFG                                                                   |                                                                                                                                                                   |                                                                                                                                                          |               11 |             35 |
|  design_1_inst/processing_system7_0/inst/FCLK_CLK0                               | design_1_inst/ps7_0_axi_periph/s00_couplers/auto_pc/inst/gen_axilite.gen_b2s_conv.axilite_b2s/SI_REG/r.r_pipe/p_1_in                                              |                                                                                                                                                          |                7 |             45 |
|  design_1_inst/processing_system7_0/inst/FCLK_CLK0                               | design_1_inst/ps7_0_axi_periph/s00_couplers/auto_pc/inst/gen_axilite.gen_b2s_conv.axilite_b2s/SI_REG/r.r_pipe/s_ready_i_reg_0                                     |                                                                                                                                                          |                6 |             45 |
|  design_1_inst/processing_system7_0/inst/FCLK_CLK0                               |                                                                                                                                                                   |                                                                                                                                                          |               37 |            123 |
+----------------------------------------------------------------------------------+-------------------------------------------------------------------------------------------------------------------------------------------------------------------+----------------------------------------------------------------------------------------------------------------------------------------------------------+------------------+----------------+


