/home/cad/cadence-xcelium-18.09.001/tools.lnx86/inca/bin/64bit/xmsim
Obtained 38 stack frames.
/home/cad/cadence-xcelium-18.09.001/tools.lnx86/inca/bin/64bit/../../../lib/64bit/libcbreakpad.so(_Z13use_backtracev+0x9d) [0x7f86d07bf239]
/home/cad/cadence-xcelium-18.09.001/tools.lnx86/inca/bin/64bit/../../../lib/64bit/libcbreakpad.so(cbpad_generate_dump_on_demand+0x66) [0x7f86d07bf555]
xmsim() [0x1365392]
xmsim(serror+0x95) [0x13660e5]
xmsim() [0x134cc8a]
/lib64/libpthread.so.0() [0x34eea0f7e0]
xmsim() [0x4a582a]
xmsim() [0x134c089]
xmsim() [0x134cc13]
/lib64/libpthread.so.0() [0x34eea0f7e0]
/lib64/libc.so.6(__select+0x13) [0x34ee2e1683]
xmsim() [0x18c34fa]
xmsim() [0x189a499]
xmsim() [0x189ae4c]
xmsim() [0x18c0702]
xmsim() [0x18c0b79]
xmsim() [0x18c0c10]
xmsim() [0x18c0c2e]
xmsim() [0x185a802]
xmsim() [0x186dc14]
xmsim() [0x186ecad]
xmsim() [0x18680ac]
xmsim() [0x1868209]
xmsim() [0x186556c]
xmsim() [0x18660a7]
xmsim() [0x186617e]
xmsim() [0x18f4241]
xmsim() [0x102f420]
xmsim() [0x102f822]
xmsim() [0x490dff]
xmsim() [0x490e9e]
xmsim() [0x491a7b]
xmsim() [0x493a97]
xmsim() [0x49d9e0]
xmsim(ncmain+0x9c) [0x497318]
xmsim(main+0x10) [0x1b6b580]
/lib64/libc.so.6(__libc_start_main+0x100) [0x34ee21ed20]
xmsim() [0x439971]
